<?xml version="1.0" encoding="UTF-8"?>
<!-- Generated by org.testng.reporters.JUnitXMLReporter -->
<testsuite ignored="4" hostname="Hannibal24" failures="0" tests="3" name="Test" time="11.359" errors="0" timestamp="2026-03-02T21:00:08 WAT">
  <testcase classname="SauceTest.LoginPageTest" name="loginTest" time="0.572"/>
  <testcase classname="SauceTest.AdditemToCartTest" name="additemToCartTest" time="0.445"/>
  <testcase classname="SauceTest.CheckoutPageTest" name="CheckoutTest" time="4.6"/>
  <testcase classname="utils.BaseTest" name="@AfterTest tearDown" time="0.0">
    <ignored/>
  </testcase> <!-- @AfterTest tearDown -->
  <testcase classname="utils.BaseTest" name="@BeforeTest setUp" time="0.0">
    <ignored/>
  </testcase> <!-- @BeforeTest setUp -->
  <testcase classname="utils.BaseTest" name="@AfterTest tearDown" time="0.0">
    <ignored/>
  </testcase> <!-- @AfterTest tearDown -->
  <testcase classname="utils.BaseTest" name="@BeforeTest setUp" time="0.0">
    <ignored/>
  </testcase> <!-- @BeforeTest setUp -->
</testsuite> <!-- Test -->
