<?xml version="1.0" encoding="UTF-8"?>
<testng-results ignored="0" total="3" passed="3" failed="0" skipped="0">
  <reporter-output>
  </reporter-output>
  <suite started-at="2026-03-02T20:59:57 WAT" name="Suite" finished-at="2026-03-02T21:00:08 WAT" duration-ms="11359">
    <groups>
    </groups>
    <test started-at="2026-03-02T20:59:57 WAT" name="Test" finished-at="2026-03-02T21:00:08 WAT" duration-ms="11359">
      <class name="SauceTest.LoginPageTest">
        <test-method is-config="true" signature="setUp(java.lang.String,java.lang.String)[pri:0, instance:SauceTest.LoginPageTest@33bc72d1]" started-at="2026-03-02T20:59:57 WAT" name="setUp" finished-at="2026-03-02T21:00:02 WAT" duration-ms="5274" status="PASS">
          <params>
            <param index="0">
              <value>
                <![CDATA[chrome]]>
              </value>
            </param>
            <param index="1">
              <value>
                <![CDATA[https://www.saucedemo.com/]]>
              </value>
            </param>
          </params>
          <reporter-output>
          </reporter-output>
        </test-method> <!-- setUp -->
        <test-method signature="loginTest(java.lang.String,java.lang.String)[pri:1, instance:SauceTest.LoginPageTest@33bc72d1]" started-at="2026-03-02T21:00:02 WAT" name="loginTest" data-provider="userData" finished-at="2026-03-02T21:00:03 WAT" duration-ms="572" status="PASS">
          <params>
            <param index="0">
              <value>
                <![CDATA[standard_user]]>
              </value>
            </param>
            <param index="1">
              <value>
                <![CDATA[secret_sauce]]>
              </value>
            </param>
          </params>
          <reporter-output>
          </reporter-output>
        </test-method> <!-- loginTest -->
        <test-method is-config="true" signature="tearDown()[pri:0, instance:SauceTest.LoginPageTest@33bc72d1]" started-at="2026-03-02T21:00:08 WAT" name="tearDown" finished-at="2026-03-02T21:00:08 WAT" duration-ms="246" status="PASS">
          <reporter-output>
          </reporter-output>
        </test-method> <!-- tearDown -->
      </class> <!-- SauceTest.LoginPageTest -->
      <class name="SauceTest.CheckoutPageTest">
        <test-method signature="CheckoutTest()[pri:0, instance:SauceTest.CheckoutPageTest@57a78e3]" started-at="2026-03-02T21:00:03 WAT" name="CheckoutTest" finished-at="2026-03-02T21:00:08 WAT" duration-ms="4600" status="PASS">
          <reporter-output>
          </reporter-output>
        </test-method> <!-- CheckoutTest -->
      </class> <!-- SauceTest.CheckoutPageTest -->
      <class name="SauceTest.AdditemToCartTest">
        <test-method signature="additemToCartTest()[pri:0, instance:SauceTest.AdditemToCartTest@4681c175]" started-at="2026-03-02T21:00:03 WAT" name="additemToCartTest" finished-at="2026-03-02T21:00:03 WAT" duration-ms="445" status="PASS">
          <reporter-output>
          </reporter-output>
        </test-method> <!-- additemToCartTest -->
      </class> <!-- SauceTest.AdditemToCartTest -->
    </test> <!-- Test -->
  </suite> <!-- Suite -->
</testng-results>
